# JRE version: Java(TM) SE Runtime Environment (20.0.1+9) (build 20.0.1+9-29)
# Java VM: Java HotSpot(TM) 64-Bit Server VM (20.0.1+9-29, mixed mode, sharing, tiered, compressed oops, compressed class ptrs, g1 gc, windows-amd64)
GC Precious Log:
 CardTable entry size: 512
 Card Set container configuration: InlinePtr #cards 4 size 8 Array Of Cards #cards 16 size 48 Howl #buckets 8 coarsen threshold 3686 Howl Bitmap #cards 512 size 80 coarsen threshold 460 Card regions per heap region 1 cards per card region 4096
 CPUs: 12 total, 12 available
 Memory: 16222M
 Large Page Support: Disabled
 NUMA Support: Disabled
 Compressed Oops: Enabled (Zero based)
 Heap Region Size: 2M
 Heap Min Capacity: 8M
 Heap Initial Capacity: 254M
 Heap Max Capacity: 4056M
 Pre-touch: Disabled
 Parallel Workers: 10
 Concurrent Workers: 3
 Concurrent Refinement Workers: 10
 Periodic GC: Disabled
Heap:
 garbage-first heap   total 98304K, used 53360K [0x0000000702800000, 0x0000000800000000)
  region size 2048K, 15 young (30720K), 2 survivors (4096K)
 Metaspace       used 61188K, committed 61824K, reserved 1114112K
  class space    used 8237K, committed 8512K, reserved 1048576K
GC Heap History (20 events):
Event: 0.286 GC heap before
{Heap before GC invocations=0 (full 0):
 garbage-first heap   total 260096K, used 20480K [0x0000000702800000, 0x0000000800000000)
  region size 2048K, 11 young (22528K), 0 survivors (0K)
 Metaspace       used 4109K, committed 4288K, reserved 1114112K
  class space    used 431K, committed 512K, reserved 1048576K
}
Event: 0.289 GC heap after
{Heap after GC invocations=1 (full 0):
 garbage-first heap   total 260096K, used 8809K [0x0000000702800000, 0x0000000800000000)
  region size 2048K, 2 young (4096K), 2 survivors (4096K)
 Metaspace       used 4109K, committed 4288K, reserved 1114112K
  class space    used 431K, committed 512K, reserved 1048576K
}
Event: 0.577 GC heap before
{Heap before GC invocations=1 (full 0):
 garbage-first heap   total 260096K, used 29289K [0x0000000702800000, 0x0000000800000000)
  region size 2048K, 12 young (24576K), 2 survivors (4096K)
 Metaspace       used 9674K, committed 9984K, reserved 1114112K
  class space    used 1202K, committed 1344K, reserved 1048576K
}
Event: 0.580 GC heap after
{Heap after GC invocations=2 (full 0):
 garbage-first heap   total 260096K, used 10780K [0x0000000702800000, 0x0000000800000000)
  region size 2048K, 1 young (2048K), 1 survivors (2048K)
 Metaspace       used 9674K, committed 9984K, reserved 1114112K
  class space    used 1202K, committed 1344K, reserved 1048576K
}
Event: 1.086 GC heap before
{Heap before GC invocations=2 (full 0):
 garbage-first heap   total 260096K, used 68124K [0x0000000702800000, 0x0000000800000000)
  region size 2048K, 30 young (61440K), 1 survivors (2048K)
 Metaspace       used 20549K, committed 20864K, reserved 1114112K
  class space    used 2433K, committed 2560K, reserved 1048576K
}
Event: 1.089 GC heap after
{Heap after GC invocations=3 (full 0):
 garbage-first heap   total 260096K, used 15831K [0x0000000702800000, 0x0000000800000000)
  region size 2048K, 4 young (8192K), 4 survivors (8192K)
 Metaspace       used 20549K, committed 20864K, reserved 1114112K
  class space    used 2433K, committed 2560K, reserved 1048576K
}
Event: 1.153 GC heap before
{Heap before GC invocations=3 (full 0):
 garbage-first heap   total 260096K, used 19927K [0x0000000702800000, 0x0000000800000000)
  region size 2048K, 7 young (14336K), 4 survivors (8192K)
 Metaspace       used 21215K, committed 21504K, reserved 1114112K
  class space    used 2529K, committed 2624K, reserved 1048576K
}
Event: 1.155 GC heap after
{Heap after GC invocations=4 (full 0):
 garbage-first heap   total 260096K, used 15941K [0x0000000702800000, 0x0000000800000000)
  region size 2048K, 4 young (8192K), 4 survivors (8192K)
 Metaspace       used 21215K, committed 21504K, reserved 1114112K
  class space    used 2529K, committed 2624K, reserved 1048576K
}
Event: 1.707 GC heap before
{Heap before GC invocations=5 (full 0):
 garbage-first heap   total 69632K, used 67141K [0x0000000702800000, 0x0000000800000000)
  region size 2048K, 29 young (59392K), 4 survivors (8192K)
 Metaspace       used 30175K, committed 30592K, reserved 1114112K
  class space    used 3785K, committed 3968K, reserved 1048576K
}
Event: 1.713 GC heap after
{Heap after GC invocations=6 (full 0):
 garbage-first heap   total 81920K, used 20142K [0x0000000702800000, 0x0000000800000000)
  region size 2048K, 6 young (12288K), 6 survivors (12288K)
 Metaspace       used 30175K, committed 30592K, reserved 1114112K
  class space    used 3785K, committed 3968K, reserved 1048576K
}
Event: 2.035 GC heap before
{Heap before GC invocations=6 (full 0):
 garbage-first heap   total 81920K, used 57006K [0x0000000702800000, 0x0000000800000000)
  region size 2048K, 24 young (49152K), 6 survivors (12288K)
 Metaspace       used 34128K, committed 34624K, reserved 1114112K
  class space    used 4285K, committed 4544K, reserved 1048576K
}
Event: 2.042 GC heap after
{Heap after GC invocations=7 (full 0):
 garbage-first heap   total 81920K, used 22198K [0x0000000702800000, 0x0000000800000000)
  region size 2048K, 2 young (4096K), 2 survivors (4096K)
 Metaspace       used 34128K, committed 34624K, reserved 1114112K
  class space    used 4285K, committed 4544K, reserved 1048576K
}
Event: 2.175 GC heap before
{Heap before GC invocations=7 (full 0):
 garbage-first heap   total 81920K, used 38582K [0x0000000702800000, 0x0000000800000000)
  region size 2048K, 11 young (22528K), 2 survivors (4096K)
 Metaspace       used 35506K, committed 35968K, reserved 1114112K
  class space    used 4469K, committed 4672K, reserved 1048576K
}
Event: 2.176 GC heap after
{Heap after GC invocations=8 (full 0):
 garbage-first heap   total 81920K, used 22434K [0x0000000702800000, 0x0000000800000000)
  region size 2048K, 2 young (4096K), 2 survivors (4096K)
 Metaspace       used 35506K, committed 35968K, reserved 1114112K
  class space    used 4469K, committed 4672K, reserved 1048576K
}
Event: 2.795 GC heap before
{Heap before GC invocations=9 (full 0):
 garbage-first heap   total 81920K, used 67490K [0x0000000702800000, 0x0000000800000000)
  region size 2048K, 24 young (49152K), 2 survivors (4096K)
 Metaspace       used 48609K, committed 49216K, reserved 1114112K
  class space    used 6264K, committed 6528K, reserved 1048576K
}
Event: 2.797 GC heap after
{Heap after GC invocations=10 (full 0):
 garbage-first heap   total 81920K, used 25412K [0x0000000702800000, 0x0000000800000000)
  region size 2048K, 2 young (4096K), 2 survivors (4096K)
 Metaspace       used 48609K, committed 49216K, reserved 1114112K
  class space    used 6264K, committed 6528K, reserved 1048576K
}
Event: 3.181 GC heap before
{Heap before GC invocations=10 (full 0):
 garbage-first heap   total 81920K, used 68420K [0x0000000702800000, 0x0000000800000000)
  region size 2048K, 23 young (47104K), 2 survivors (4096K)
 Metaspace       used 57748K, committed 58304K, reserved 1114112K
  class space    used 7693K, committed 7936K, reserved 1048576K
}
Event: 3.188 GC heap after
{Heap after GC invocations=11 (full 0):
 garbage-first heap   total 81920K, used 27740K [0x0000000702800000, 0x0000000800000000)
  region size 2048K, 3 young (6144K), 3 survivors (6144K)
 Metaspace       used 57748K, committed 58304K, reserved 1114112K
  class space    used 7693K, committed 7936K, reserved 1048576K
}
Event: 3.301 GC heap before
{Heap before GC invocations=11 (full 0):
 garbage-first heap   total 81920K, used 37980K [0x0000000702800000, 0x0000000800000000)
  region size 2048K, 9 young (18432K), 3 survivors (6144K)
 Metaspace       used 59888K, committed 60480K, reserved 1114112K
  class space    used 7999K, committed 8256K, reserved 1048576K
}
Event: 3.303 GC heap after
{Heap after GC invocations=12 (full 0):
 garbage-first heap   total 98304K, used 28784K [0x0000000702800000, 0x0000000800000000)
  region size 2048K, 2 young (4096K), 2 survivors (4096K)
 Metaspace       used 59888K, committed 60480K, reserved 1114112K
  class space    used 7999K, committed 8256K, reserved 1048576K
}

